Determining if the pthread_create exist failed with the following output:
Change Dir: /home/zgx/project/Var/build/CMakeFiles/CMakeTmp

Run Build Command:"/usr/bin/make" "cmTC_233be/fast"
/usr/bin/make -f CMakeFiles/cmTC_233be.dir/build.make CMakeFiles/cmTC_233be.dir/build
make[1]: 进入目录“/home/zgx/project/Var/build/CMakeFiles/CMakeTmp”
Building C object CMakeFiles/cmTC_233be.dir/CheckSymbolExists.c.o
/usr/bin/cc    -o CMakeFiles/cmTC_233be.dir/CheckSymbolExists.c.o   -c /home/zgx/project/Var/build/CMakeFiles/CMakeTmp/CheckSymbolExists.c
Linking C executable cmTC_233be
/usr/bin/cmake -E cmake_link_script CMakeFiles/cmTC_233be.dir/link.txt --verbose=1
/usr/bin/cc      -rdynamic CMakeFiles/cmTC_233be.dir/CheckSymbolExists.c.o  -o cmTC_233be 
CMakeFiles/cmTC_233be.dir/CheckSymbolExists.c.o：在函数‘main’中：
CheckSymbolExists.c:(.text+0x1b)：对‘pthread_create’未定义的引用
collect2: error: ld returned 1 exit status
CMakeFiles/cmTC_233be.dir/build.make:97: recipe for target 'cmTC_233be' failed
make[1]: *** [cmTC_233be] Error 1
make[1]: 离开目录“/home/zgx/project/Var/build/CMakeFiles/CMakeTmp”
Makefile:126: recipe for target 'cmTC_233be/fast' failed
make: *** [cmTC_233be/fast] Error 2

File /home/zgx/project/Var/build/CMakeFiles/CMakeTmp/CheckSymbolExists.c:
/* */
#include <pthread.h>

int main(int argc, char** argv)
{
  (void)argv;
#ifndef pthread_create
  return ((int*)(&pthread_create))[argc];
#else
  (void)argc;
  return 0;
#endif
}

Determining if the function pthread_create exists in the pthreads failed with the following output:
Change Dir: /home/zgx/project/Var/build/CMakeFiles/CMakeTmp

Run Build Command:"/usr/bin/make" "cmTC_821fa/fast"
/usr/bin/make -f CMakeFiles/cmTC_821fa.dir/build.make CMakeFiles/cmTC_821fa.dir/build
make[1]: 进入目录“/home/zgx/project/Var/build/CMakeFiles/CMakeTmp”
Building C object CMakeFiles/cmTC_821fa.dir/CheckFunctionExists.c.o
/usr/bin/cc   -DCHECK_FUNCTION_EXISTS=pthread_create   -o CMakeFiles/cmTC_821fa.dir/CheckFunctionExists.c.o   -c /usr/share/cmake-3.10/Modules/CheckFunctionExists.c
Linking C executable cmTC_821fa
/usr/bin/cmake -E cmake_link_script CMakeFiles/cmTC_821fa.dir/link.txt --verbose=1
/usr/bin/cc  -DCHECK_FUNCTION_EXISTS=pthread_create    -rdynamic CMakeFiles/cmTC_821fa.dir/CheckFunctionExists.c.o  -o cmTC_821fa -lpthreads 
/usr/bin/ld: 找不到 -lpthreads
collect2: error: ld returned 1 exit status
CMakeFiles/cmTC_821fa.dir/build.make:97: recipe for target 'cmTC_821fa' failed
make[1]: *** [cmTC_821fa] Error 1
make[1]: 离开目录“/home/zgx/project/Var/build/CMakeFiles/CMakeTmp”
Makefile:126: recipe for target 'cmTC_821fa/fast' failed
make: *** [cmTC_821fa/fast] Error 2


